<?xml version="1.0" encoding="UTF-8"?>
<testsuite name="BabyMD.tests.testCase_03" tests="1" skipped="0" failures="0" errors="0" timestamp="2024-10-10T10:09:37" hostname="indianrenterss-MacBook-Pro.local" time="84.301">
  <properties/>
  <testcase name="TestCase03[0](Doc Sanjay, UnderNutition, Cream, 30.0, Daily, Morning, need more nutritional intake)" classname="BabyMD.tests.testCase_03" time="84.301"/>
  <system-out><![CDATA[Test case 03 started
]]></system-out>
  <system-err><![CDATA[]]></system-err>
</testsuite>
