<?xml version="1.0" encoding="UTF-8"?>
<testsuite name="BabyMD.tests.testCase_02" tests="1" skipped="0" failures="0" errors="0" timestamp="2024-10-14T11:46:51" hostname="indianrterssMBP.lan" time="76.318">
  <properties/>
  <testcase name="TestCase02[0](Ankit Sharma, 2020-10-10, +91 9376543210, Male, Father, +91 9876543220, Abhishek Clinic, Pune, 400001, 123 Palm Residency, Maharashtra, Rajesh Sharma, 34.0, 3.2, 50.0)" classname="BabyMD.tests.testCase_02" time="76.318"/>
  <system-out><![CDATA[Test case 02 started
Test case 02 completed
]]></system-out>
  <system-err><![CDATA[]]></system-err>
</testsuite>
