<?xml version="1.0" encoding="UTF-8"?>
<!-- Generated by org.testng.reporters.JUnitReportReporter -->
<testsuite hostname="MacBookPro.lan" failures="0" tests="1" name="BabyMD.tests.testCase_04" time="36.116" errors="0" timestamp="2024-10-21T17:31:10 IST" skipped="0">
  <testcase classname="BabyMD.tests.testCase_04" name="TestCase04" time="36.116"/>
  <system-out/>
</testsuite> <!-- BabyMD.tests.testCase_04 -->
