<?xml version="1.0" encoding="UTF-8"?>
<!-- Generated by org.testng.reporters.JUnitReportReporter -->
<testsuite hostname="indianrenterss-MacBook-Pro.local" failures="0" tests="1" name="BabyMD.tests.testCase_02" time="141.842" errors="0" timestamp="2024-10-10T10:49:41 IST" skipped="0">
  <testcase classname="BabyMD.tests.testCase_02" name="TestCase02" time="141.842"/>
  <system-out/>
</testsuite> <!-- BabyMD.tests.testCase_02 -->
