<?xml version="1.0" encoding="UTF-8"?>
<!-- Generated by org.testng.reporters.JUnitReportReporter -->
<testsuite hostname="indianrterssMBP.lan" failures="0" tests="1" name="BabyMD.tests.testCase_01" time="31.922" errors="0" timestamp="2024-10-15T17:00:18 IST" skipped="0">
  <testcase classname="BabyMD.tests.testCase_01" name="TestCase01" time="31.922"/>
  <system-out/>
</testsuite> <!-- BabyMD.tests.testCase_01 -->
