<?xml version="1.0" encoding="UTF-8"?>
<!-- Generated by org.testng.reporters.JUnitReportReporter -->
<testsuite hostname="indianrterssMBP.lan" failures="0" tests="1" name="BabyMD.tests.testCase_04" time="60.896" errors="0" timestamp="2024-10-14T17:21:35 IST" skipped="0">
  <testcase classname="BabyMD.tests.testCase_04" name="TestCase04" time="60.896"/>
  <system-out/>
</testsuite> <!-- BabyMD.tests.testCase_04 -->
