<?xml version="1.0" encoding="UTF-8"?>
<!-- Generated by org.testng.reporters.JUnitReportReporter -->
<testsuite hostname="indianrterssMBP.lan" failures="0" tests="1" name="BabyMD.tests.testCase_03" time="49.533" errors="0" timestamp="2024-10-16T13:56:06 IST" skipped="0">
  <testcase classname="BabyMD.tests.testCase_03" name="TestCase03" time="49.533"/>
  <system-out/>
</testsuite> <!-- BabyMD.tests.testCase_03 -->
