<?xml version="1.0" encoding="UTF-8"?>
<!-- Generated by org.testng.reporters.JUnitReportReporter -->
<testsuite hostname="indianrterssMBP.lan" failures="0" tests="1" name="BabyMD.tests.testCase_04" time="24.829" errors="0" timestamp="2024-10-18T15:49:43 IST" skipped="0">
  <testcase classname="BabyMD.tests.testCase_04" name="TestCase04" time="24.829"/>
  <system-out/>
</testsuite> <!-- BabyMD.tests.testCase_04 -->
