<?xml version="1.0" encoding="UTF-8"?>
<!-- Generated by org.testng.reporters.JUnitReportReporter -->
<testsuite hostname="indianrenterss-MacBook-Pro.local" failures="0" tests="1" name="BabyMD.tests.testCase_01" time="34.178" errors="0" timestamp="2024-10-10T15:42:10 IST" skipped="0">
  <testcase classname="BabyMD.tests.testCase_01" name="TestCase01" time="34.178"/>
  <system-out/>
</testsuite> <!-- BabyMD.tests.testCase_01 -->
