<?xml version="1.0" encoding="UTF-8"?>
<!-- Generated by org.testng.reporters.JUnitReportReporter -->
<testsuite hostname="indianrenterss-MacBook-Pro.local" failures="0" tests="1" name="BabyMD.tests.testCase_04" time="68.557" errors="0" timestamp="2024-10-10T15:42:10 IST" skipped="0">
  <testcase classname="BabyMD.tests.testCase_04" name="TestCase04" time="68.557"/>
  <system-out/>
</testsuite> <!-- BabyMD.tests.testCase_04 -->
